#
# A fatal error has been detected by the Java Runtime Environment:
#
#  EXCEPTION_ACCESS_VIOLATION (0xc0000005) at pc=0x000000006776c1b1, pid=11204, tid=10424
#
# JRE version: Java(TM) SE Runtime Environment (15.0.2+7) (build 15.0.2+7-27)
# Java VM: Java HotSpot(TM) 64-Bit Server VM (15.0.2+7-27, mixed mode, sharing, tiered, compressed oops, g1 gc, windows-amd64)
# Problematic frame:
# C  [sqlite-3.34.0-58d14257-c1ea-4c78-94ca-7d90af122204-sqlitejdbc.dll+0x2c1b1]
#
# No core dump will be written. Minidumps are not enabled by default on client versions of Windows
#
# If you would like to submit a bug report, please visit:
#   https://bugreport.java.com/bugreport/crash.jsp
# The crash happened outside the Java Virtual Machine in native code.
# See problematic frame for where to report the bug.
#

---------------  S U M M A R Y ------------

Command Line: -Dfile.encoding=UTF-8 -Duser.country=CN -Duser.language=zh -Duser.variant main.java.server.Crawler

Host: Intel(R) Core(TM) i7-9750H CPU @ 2.60GHz, 12 cores, 31G,  Windows 10 , 64 bit Build 19041 (10.0.19041.928)
Time: Sat Jun  5 16:56:33 2021 中国标准时间 elapsed time: 0.478980 seconds (0d 0h 0m 0s)

---------------  T H R E A D  ---------------

Current thread (0x00000195a7b64b90):  JavaThread "Thread-62" [_thread_in_native, id=10424, stack(0x0000009033c00000,0x0000009033d00000)]

Stack: [0x0000009033c00000,0x0000009033d00000],  sp=0x0000009033cfee20,  free space=1019k
Native frames: (J=compiled Java code, j=interpreted, Vv=VM code, C=native code)
C  [sqlite-3.34.0-58d14257-c1ea-4c78-94ca-7d90af122204-sqlitejdbc.dll+0x2c1b1]

Java frames: (J=compiled Java code, j=interpreted, Vv=VM code)
J 1135  org.sqlite.core.NativeDB.column_name_utf8(JI)Ljava/nio/ByteBuffer; (0 bytes) @ 0x000001958fc9b60b [0x000001958fc9b5c0+0x000000000000004b]
J 1134 c1 org.sqlite.core.NativeDB.column_name(JI)Ljava/lang/String; (10 bytes) @ 0x0000019588916764 [0x00000195889166c0+0x00000000000000a4]
j  org.sqlite.core.DB.column_names(J)[Ljava/lang/String;+26
j  org.sqlite.jdbc3.JDBC3Statement.getResultSet()Ljava/sql/ResultSet;+64
j  org.sqlite.jdbc3.JDBC3PreparedStatement.executeQuery()Ljava/sql/ResultSet;+129
j  main.java.server.DataBase.getCourseHomework(Ljava/lang/String;)Ljava/util/List;+40
j  main.java.server.Crawler$MultithreadCrawlHomeworks.run()V+19
j  java.lang.Thread.run()V+11 java.base@15.0.2
v  ~StubRoutines::call_stub

siginfo: EXCEPTION_ACCESS_VIOLATION (0xc0000005), reading address 0x0000000000000018


Register to memory mapping:

RIP=0x000000006776c1b1 sqlite-3.34.0-58d14257-c1ea-4c78-94ca-7d90af122204-sqlitejdbc.dll
RAX=0x0 is NULL
RBX=0x0 is NULL
RCX=0x00000195a7828dc8 points into unknown readable memory: 0x0000000000000000 | 00 00 00 00 00 00 00 00
RDX=0x0 is NULL
RSP=0x0000009033cfee20 is pointing into the stack for thread: 0x00000195a7b64b90
RBP=0x0000009033cfef10 is pointing into the stack for thread: 0x00000195a7b64b90
RSI=0x0 is NULL
RDI=0x00000195a7828dc8 points into unknown readable memory: 0x0000000000000000 | 00 00 00 00 00 00 00 00
R8 =0x0 is NULL
R9 =0x0 is NULL
R10=0x0000000067742a29 sqlite-3.34.0-58d14257-c1ea-4c78-94ca-7d90af122204-sqlitejdbc.dll
R11=0x00000195889166e0 is at entry_point+32 in (nmethod*)0x0000019588916510
R12=0x0 is NULL
R13=0x0000009033cfef00 is pointing into the stack for thread: 0x00000195a7b64b90
R14=0x0000009033cfeed0 is pointing into the stack for thread: 0x00000195a7b64b90
R15=0x00000195a7b64b90 is a thread


Registers:
RAX=0x0000000000000000, RBX=0x0000000000000000, RCX=0x00000195a7828dc8, RDX=0x0000000000000000
RSP=0x0000009033cfee20, RBP=0x0000009033cfef10, RSI=0x0000000000000000, RDI=0x00000195a7828dc8
R8 =0x0000000000000000, R9 =0x0000000000000000, R10=0x0000000067742a29, R11=0x00000195889166e0
R12=0x0000000000000000, R13=0x0000009033cfef00, R14=0x0000009033cfeed0, R15=0x00000195a7b64b90
RIP=0x000000006776c1b1, EFLAGS=0x0000000000010206

Top of Stack: (sp=0x0000009033cfee20)
0x0000009033cfee20:   00000008000227b8 00000195a7b64b90
0x0000009033cfee30:   0000000621800000 00007ff85d1cfd3e
0x0000009033cfee40:   0000009033cfeec0 0000019500000000
0x0000009033cfee50:   00000195a7b64eb8 0000000621800000
0x0000009033cfee60:   00000195ff5a8d50 0000000067742a49
0x0000009033cfee70:   0000009033cfeea0 0000009033cf0000
0x0000009033cfee80:   0000000000000000 0000000000000000
0x0000009033cfee90:   00000195a7b64b90 0000000621800000
0x0000009033cfeea0:   00000195ff5a8d50 000001958fc9b6e1
0x0000009033cfeeb0:   00000195889166e0 0000000800000000
0x0000009033cfeec0:   0000000000000000 00000195a7828dc8
0x0000009033cfeed0:   0000000621800000 0000009033cfef48
0x0000009033cfeee0:   0000009033cfef10 0000000000000000
0x0000009033cfeef0:   00000195ff3fbdc0 0000000621800000
0x0000009033cfef00:   000001057381f002 000001057381f002
0x0000009033cfef10:   0000009033cff008 0000019588916764 

Instructions: (pc=0x000000006776c1b1)
0x000000006776c0b1:   c3 eb ae 80 7b 02 7d 48 8d 53 03 48 0f 44 c2 80
0x000000006776c0c1:   38 00 75 23 48 89 f0 eb 20 e8 0a eb ff ff 83 f8
0x000000006776c0d1:   10 75 14 48 89 d9 48 83 c4 28 5b 5e 5f 5d 41 5c
0x000000006776c0e1:   41 5d e9 3e ec ff ff 31 c0 48 83 c4 28 5b 5e 5f
0x000000006776c0f1:   5d 41 5c 41 5d c3 53 48 83 ec 30 48 89 cb 49 8b
0x000000006776c101:   08 48 8d 54 24 20 e8 07 ff ff ff 48 85 c0 74 16
0x000000006776c111:   49 83 c9 ff 41 b8 10 00 00 00 48 89 c2 48 89 d9
0x000000006776c121:   e8 d4 45 ff ff 90 48 83 c4 30 5b c3 56 53 48 83
0x000000006776c131:   ec 68 48 89 ce 49 8b 08 48 8d 54 24 2b e8 d0 fe
0x000000006776c141:   ff ff 48 85 c0 74 26 48 8d 5c 24 3b 48 89 c1 48
0x000000006776c151:   89 da e8 02 4e fe ff 49 83 c9 ff 41 b8 24 00 00
0x000000006776c161:   00 48 89 da 48 89 f1 e8 76 46 ff ff 90 48 83 c4
0x000000006776c171:   68 5b 5e c3 ba 03 00 00 00 e9 51 eb ff ff ba 02
0x000000006776c181:   00 00 00 e9 47 eb ff ff 57 56 53 48 83 ec 30 0f
0x000000006776c191:   b7 99 c0 00 00 00 48 89 cf 44 89 44 24 28 39 da
0x000000006776c1a1:   7d 6c 89 d0 83 e8 00 78 65 48 8b 31 41 0f af d9
0x000000006776c1b1:   48 8b 4e 18 01 d3 e8 35 7b fd ff 44 8b 44 24 28
0x000000006776c1c1:   48 63 d3 48 8b 8f 98 00 00 00 45 85 c0 74 0e 48
0x000000006776c1d1:   6b d2 38 48 01 d1 e8 a3 ff ff ff eb 0c 48 6b d2
0x000000006776c1e1:   38 48 01 d1 e8 18 eb ff ff 80 7e 61 00 74 0a 48
0x000000006776c1f1:   89 f1 e8 72 d7 fe ff 31 c0 48 8b 4e 18 48 89 44
0x000000006776c201:   24 28 e8 05 7b fd ff 48 8b 44 24 28 eb 02 31 c0
0x000000006776c211:   48 83 c4 30 5b 5e 5f c3 45 31 c9 45 31 c0 e9 65
0x000000006776c221:   ff ff ff 45 31 c9 41 b8 01 00 00 00 e9 57 ff ff
0x000000006776c231:   ff 41 b9 01 00 00 00 45 31 c0 e9 49 ff ff ff 41
0x000000006776c241:   b9 01 00 00 00 41 b8 01 00 00 00 e9 38 ff ff ff
0x000000006776c251:   41 b9 02 00 00 00 45 31 c0 e9 2a ff ff ff 41 b9
0x000000006776c261:   02 00 00 00 41 b8 01 00 00 00 e9 19 ff ff ff 41
0x000000006776c271:   b9 03 00 00 00 45 31 c0 e9 0b ff ff ff 41 b9 03
0x000000006776c281:   00 00 00 41 b8 01 00 00 00 e9 fa fe ff ff 41 b9
0x000000006776c291:   04 00 00 00 45 31 c0 e9 ec fe ff ff 41 b9 04 00
0x000000006776c2a1:   00 00 41 b8 01 00 00 00 e9 db fe ff ff 53 48 83 


Stack slot to memory mapping:
stack at sp + 0 slots: 0x00000008000227b8 is a pointer to class: 
java.lang.String {0x00000008000227c0}
stack at sp + 1 slots: 0x00000195a7b64b90 is a thread
stack at sp + 2 slots: 0x0000000621800000 is an oop: org.sqlite.core.NativeDB 
{0x0000000621800000} - klass: 'org/sqlite/core/NativeDB'
stack at sp + 3 slots: 0x00007ff85d1cfd3e jvm.dll
stack at sp + 4 slots: 0x0000009033cfeec0 is pointing into the stack for thread: 0x00000195a7b64b90
stack at sp + 5 slots: 0x0000019500000000 is an unknown value
stack at sp + 6 slots: 0x00000195a7b64eb8 points into unknown readable memory: 0x00007ff85d53de40 | 40 de 53 5d f8 7f 00 00
stack at sp + 7 slots: 0x0000000621800000 is an oop: org.sqlite.core.NativeDB 
{0x0000000621800000} - klass: 'org/sqlite/core/NativeDB'


---------------  P R O C E S S  ---------------

Threads class SMR info:
_java_thread_list=0x00000195a746a6d0, length=77, elements={
0x00000195f0bbfce0, 0x00000195fea33cd0, 0x00000195fea348a0, 0x00000195fea527c0,
0x00000195fea561a0, 0x00000195fea56c50, 0x00000195fea580f0, 0x00000195fea64dc0,
0x00000195fea679d0, 0x00000195ff9805d0, 0x00000195ff916a20, 0x00000195a70449d0,
0x00000195a7041220, 0x00000195a744c760, 0x00000195a7ca1850, 0x00000195a75006a0,
0x00000195a7500b70, 0x00000195a7501040, 0x00000195a77b74d0, 0x00000195a77b79a0,
0x00000195a75e2ca0, 0x00000195a7b7ded0, 0x00000195a7b7b850, 0x00000195a7b7aeb0,
0x00000195a7b7da00, 0x00000195a7b7bd20, 0x00000195a7b7cb90, 0x00000195a7b7d060,
0x00000195a7b7d530, 0x00000195a7b7c1f0, 0x00000195a7b7c6c0, 0x00000195a7b7e3a0,
0x00000195a7b7b380, 0x00000195a7b7a9e0, 0x00000195a716ea00, 0x00000195a7171080,
0x00000195a7170210, 0x00000195a716beb0, 0x00000195a716eed0, 0x00000195a71723c0,
0x00000195a7171550, 0x00000195a7171a20, 0x00000195a7172890, 0x00000195a716d1f0,
0x00000195a716d6c0, 0x00000195a716f3a0, 0x00000195a716fd40, 0x00000195a71706e0,
0x00000195a716e060, 0x00000195a716c380, 0x00000195a716db90, 0x00000195a716cd20,
0x00000195a7171ef0, 0x00000195a7170bb0, 0x00000195a716f870, 0x00000195a716b9e0,
0x00000195a716e530, 0x00000195a7172d60, 0x00000195a716b510, 0x00000195a716c850,
0x00000195a7b6a230, 0x00000195a7b65530, 0x00000195a7b629e0, 0x00000195a7b67bb0,
0x00000195a7b63d20, 0x00000195a7b62eb0, 0x00000195a7b63380, 0x00000195a7b68550,
0x00000195a7b65060, 0x00000195a7b63850, 0x00000195a7b65a00, 0x00000195a7b641f0,
0x00000195a7b68a20, 0x00000195a7b646c0, 0x00000195a7b65ed0, 0x00000195a7b64b90,
0x00000195a7b663a0
}

Java Threads: ( => current thread )
  0x00000195f0bbfce0 JavaThread "main" [_thread_blocked, id=9288, stack(0x000000902e000000,0x000000902e100000)]
  0x00000195fea33cd0 JavaThread "Reference Handler" daemon [_thread_blocked, id=3280, stack(0x000000902e700000,0x000000902e800000)]
  0x00000195fea348a0 JavaThread "Finalizer" daemon [_thread_blocked, id=15700, stack(0x000000902e800000,0x000000902e900000)]
  0x00000195fea527c0 JavaThread "Signal Dispatcher" daemon [_thread_blocked, id=11836, stack(0x000000902e900000,0x000000902ea00000)]
  0x00000195fea561a0 JavaThread "Attach Listener" daemon [_thread_blocked, id=14452, stack(0x000000902ea00000,0x000000902eb00000)]
  0x00000195fea56c50 JavaThread "Service Thread" daemon [_thread_blocked, id=14584, stack(0x000000902eb00000,0x000000902ec00000)]
  0x00000195fea580f0 JavaThread "C2 CompilerThread0" daemon [_thread_in_native, id=17624, stack(0x000000902ec00000,0x000000902ed00000)]
  0x00000195fea64dc0 JavaThread "C1 CompilerThread0" daemon [_thread_in_vm, id=11328, stack(0x000000902ed00000,0x000000902ee00000)]
  0x00000195fea679d0 JavaThread "Sweeper thread" daemon [_thread_blocked, id=9880, stack(0x000000902ee00000,0x000000902ef00000)]
  0x00000195ff9805d0 JavaThread "Notification Thread" daemon [_thread_blocked, id=23332, stack(0x000000902ef00000,0x000000902f000000)]
  0x00000195ff916a20 JavaThread "Common-Cleaner" daemon [_thread_blocked, id=17560, stack(0x000000902f100000,0x000000902f200000)]
  0x00000195a70449d0 JavaThread "C2 CompilerThread1" daemon [_thread_in_native, id=3296, stack(0x000000902f200000,0x000000902f300000)]
  0x00000195a7041220 JavaThread "C2 CompilerThread2" daemon [_thread_in_native, id=2808, stack(0x000000902f400000,0x000000902f500000)]
  0x00000195a744c760 JavaThread "Keep-Alive-Timer" daemon [_thread_blocked, id=12112, stack(0x000000902f500000,0x000000902f600000)]
  0x00000195a7ca1850 JavaThread "Thread-1" [_thread_blocked, id=20688, stack(0x000000902f600000,0x000000902f700000)]
  0x00000195a75006a0 JavaThread "Thread-2" [_thread_in_native, id=23152, stack(0x000000902f700000,0x000000902f800000)]
  0x00000195a7500b70 JavaThread "Thread-3" [_thread_in_Java, id=12568, stack(0x000000902f800000,0x000000902f900000)]
  0x00000195a7501040 JavaThread "Thread-4" [_thread_in_native, id=16772, stack(0x000000902f900000,0x000000902fa00000)]
  0x00000195a77b74d0 JavaThread "Thread-5" [_thread_in_native, id=14696, stack(0x000000902fa00000,0x000000902fb00000)]
  0x00000195a77b79a0 JavaThread "Thread-6" [_thread_in_native, id=3656, stack(0x000000902fb00000,0x000000902fc00000)]
  0x00000195a75e2ca0 JavaThread "Thread-7" [_thread_in_native, id=20668, stack(0x000000902fc00000,0x000000902fd00000)]
  0x00000195a7b7ded0 JavaThread "Thread-8" [_thread_in_native, id=15320, stack(0x000000902fd00000,0x000000902fe00000)]
  0x00000195a7b7b850 JavaThread "Thread-9" [_thread_in_native, id=7596, stack(0x000000902fe00000,0x000000902ff00000)]
  0x00000195a7b7aeb0 JavaThread "Thread-10" [_thread_in_native, id=8928, stack(0x000000902ff00000,0x0000009030000000)]
  0x00000195a7b7da00 JavaThread "Thread-11" [_thread_in_native, id=10556, stack(0x0000009030000000,0x0000009030100000)]
  0x00000195a7b7bd20 JavaThread "Thread-12" [_thread_in_native, id=7008, stack(0x0000009030100000,0x0000009030200000)]
  0x00000195a7b7cb90 JavaThread "Thread-13" [_thread_in_native, id=22460, stack(0x0000009030200000,0x0000009030300000)]
  0x00000195a7b7d060 JavaThread "Thread-14" [_thread_in_native, id=11632, stack(0x0000009030300000,0x0000009030400000)]
  0x00000195a7b7d530 JavaThread "Thread-15" [_thread_in_native, id=7976, stack(0x0000009030400000,0x0000009030500000)]
  0x00000195a7b7c1f0 JavaThread "Thread-16" [_thread_in_native, id=8176, stack(0x0000009030500000,0x0000009030600000)]
  0x00000195a7b7c6c0 JavaThread "Thread-17" [_thread_in_native, id=20636, stack(0x0000009030600000,0x0000009030700000)]
  0x00000195a7b7e3a0 JavaThread "Thread-18" [_thread_in_native, id=11900, stack(0x0000009030700000,0x0000009030800000)]
  0x00000195a7b7b380 JavaThread "Thread-19" [_thread_in_native, id=9852, stack(0x0000009030800000,0x0000009030900000)]
  0x00000195a7b7a9e0 JavaThread "Thread-20" [_thread_in_native, id=18160, stack(0x0000009030900000,0x0000009030a00000)]
  0x00000195a716ea00 JavaThread "Thread-21" [_thread_in_native, id=16720, stack(0x0000009030a00000,0x0000009030b00000)]
  0x00000195a7171080 JavaThread "Thread-22" [_thread_in_native, id=16956, stack(0x0000009030b00000,0x0000009030c00000)]
  0x00000195a7170210 JavaThread "Thread-23" [_thread_in_native, id=15968, stack(0x0000009030c00000,0x0000009030d00000)]
  0x00000195a716beb0 JavaThread "Thread-24" [_thread_in_native, id=19884, stack(0x0000009030d00000,0x0000009030e00000)]
  0x00000195a716eed0 JavaThread "Thread-25" [_thread_in_native, id=15020, stack(0x0000009030e00000,0x0000009030f00000)]
  0x00000195a71723c0 JavaThread "Thread-26" [_thread_in_native, id=16124, stack(0x0000009030f00000,0x0000009031000000)]
  0x00000195a7171550 JavaThread "Thread-27" [_thread_in_native, id=15824, stack(0x0000009031000000,0x0000009031100000)]
  0x00000195a7171a20 JavaThread "Thread-28" [_thread_in_native, id=15860, stack(0x0000009031a00000,0x0000009031b00000)]
  0x00000195a7172890 JavaThread "Thread-29" [_thread_in_native, id=10932, stack(0x0000009031b00000,0x0000009031c00000)]
  0x00000195a716d1f0 JavaThread "Thread-30" [_thread_in_native, id=4360, stack(0x0000009031c00000,0x0000009031d00000)]
  0x00000195a716d6c0 JavaThread "Thread-31" [_thread_in_native, id=9740, stack(0x0000009031d00000,0x0000009031e00000)]
  0x00000195a716f3a0 JavaThread "Thread-32" [_thread_in_native, id=13408, stack(0x0000009031e00000,0x0000009031f00000)]
  0x00000195a716fd40 JavaThread "Thread-33" [_thread_in_native, id=4620, stack(0x0000009031f00000,0x0000009032000000)]
  0x00000195a71706e0 JavaThread "Thread-34" [_thread_in_native, id=7320, stack(0x0000009032000000,0x0000009032100000)]
  0x00000195a716e060 JavaThread "Thread-35" [_thread_in_native, id=16196, stack(0x0000009032100000,0x0000009032200000)]
  0x00000195a716c380 JavaThread "Thread-36" [_thread_in_native, id=17648, stack(0x0000009032200000,0x0000009032300000)]
  0x00000195a716db90 JavaThread "Thread-37" [_thread_in_native, id=15916, stack(0x0000009032300000,0x0000009032400000)]
  0x00000195a716cd20 JavaThread "Thread-38" [_thread_in_native, id=10104, stack(0x0000009032400000,0x0000009032500000)]
  0x00000195a7171ef0 JavaThread "Thread-39" [_thread_in_native, id=17664, stack(0x0000009032500000,0x0000009032600000)]
  0x00000195a7170bb0 JavaThread "Thread-40" [_thread_in_native, id=13276, stack(0x0000009032600000,0x0000009032700000)]
  0x00000195a716f870 JavaThread "Thread-41" [_thread_in_native, id=20068, stack(0x0000009032700000,0x0000009032800000)]
  0x00000195a716b9e0 JavaThread "Thread-42" [_thread_in_native, id=1448, stack(0x0000009032800000,0x0000009032900000)]
  0x00000195a716e530 JavaThread "Thread-43" [_thread_in_native, id=9704, stack(0x0000009032900000,0x0000009032a00000)]
  0x00000195a7172d60 JavaThread "Thread-44" [_thread_in_native, id=7308, stack(0x0000009032a00000,0x0000009032b00000)]
  0x00000195a716b510 JavaThread "Thread-45" [_thread_in_native, id=21544, stack(0x0000009032b00000,0x0000009032c00000)]
  0x00000195a716c850 JavaThread "Thread-46" [_thread_in_native, id=20328, stack(0x0000009032c00000,0x0000009032d00000)]
  0x00000195a7b6a230 JavaThread "Thread-47" [_thread_in_native, id=18184, stack(0x0000009032d00000,0x0000009032e00000)]
  0x00000195a7b65530 JavaThread "Thread-48" [_thread_in_native, id=21752, stack(0x0000009032e00000,0x0000009032f00000)]
  0x00000195a7b629e0 JavaThread "Thread-49" [_thread_in_native, id=15536, stack(0x0000009032f00000,0x0000009033000000)]
  0x00000195a7b67bb0 JavaThread "Thread-50" [_thread_in_native, id=9416, stack(0x0000009033000000,0x0000009033100000)]
  0x00000195a7b63d20 JavaThread "Thread-51" [_thread_in_native, id=3144, stack(0x0000009033100000,0x0000009033200000)]
  0x00000195a7b62eb0 JavaThread "Thread-52" [_thread_in_native, id=2076, stack(0x0000009033200000,0x0000009033300000)]
  0x00000195a7b63380 JavaThread "Thread-53" [_thread_in_native, id=21240, stack(0x0000009033300000,0x0000009033400000)]
  0x00000195a7b68550 JavaThread "Thread-54" [_thread_in_native, id=9752, stack(0x0000009033400000,0x0000009033500000)]
  0x00000195a7b65060 JavaThread "Thread-55" [_thread_in_native, id=20080, stack(0x0000009033500000,0x0000009033600000)]
  0x00000195a7b63850 JavaThread "Thread-56" [_thread_in_native, id=17892, stack(0x0000009033600000,0x0000009033700000)]
  0x00000195a7b65a00 JavaThread "Thread-57" [_thread_in_native, id=1932, stack(0x0000009033700000,0x0000009033800000)]
  0x00000195a7b641f0 JavaThread "Thread-58" [_thread_in_native, id=14580, stack(0x0000009033800000,0x0000009033900000)]
  0x00000195a7b68a20 JavaThread "Thread-59" [_thread_in_native, id=8448, stack(0x0000009033900000,0x0000009033a00000)]
  0x00000195a7b646c0 JavaThread "Thread-60" [_thread_in_native, id=9508, stack(0x0000009033a00000,0x0000009033b00000)]
  0x00000195a7b65ed0 JavaThread "Thread-61" [_thread_in_native, id=12108, stack(0x0000009033b00000,0x0000009033c00000)]
=>0x00000195a7b64b90 JavaThread "Thread-62" [_thread_in_native, id=10424, stack(0x0000009033c00000,0x0000009033d00000)]
  0x00000195a7b663a0 JavaThread "Thread-63" [_thread_blocked, id=21736, stack(0x0000009033d00000,0x0000009033e00000)]

Other Threads:
  0x00000195fea30440 VMThread "VM Thread" [stack: 0x000000902e600000,0x000000902e700000] [id=17660]
  0x00000195ff985ce0 WatcherThread [stack: 0x000000902f000000,0x000000902f100000] [id=22352]
  0x00000195f0c36e90 GCTaskThread "GC Thread#0" [stack: 0x000000902e100000,0x000000902e200000] [id=7964]
  0x00000195ffa1d1d0 GCTaskThread "GC Thread#1" [stack: 0x0000009031100000,0x0000009031200000] [id=20632]
  0x00000195ffa1e820 GCTaskThread "GC Thread#2" [stack: 0x0000009031200000,0x0000009031300000] [id=23408]
  0x00000195ffa1cea0 GCTaskThread "GC Thread#3" [stack: 0x0000009031300000,0x0000009031400000] [id=1232]
  0x00000195ffa1e4f0 GCTaskThread "GC Thread#4" [stack: 0x0000009031400000,0x0000009031500000] [id=7500]
  0x00000195ffa1d500 GCTaskThread "GC Thread#5" [stack: 0x0000009031500000,0x0000009031600000] [id=672]
  0x00000195ffa1cb70 GCTaskThread "GC Thread#6" [stack: 0x0000009031600000,0x0000009031700000] [id=18252]
  0x00000195ffa1d830 GCTaskThread "GC Thread#7" [stack: 0x0000009031700000,0x0000009031800000] [id=5356]
  0x00000195ffa1e1c0 GCTaskThread "GC Thread#8" [stack: 0x0000009031800000,0x0000009031900000] [id=12916]
  0x00000195ffa1eb50 GCTaskThread "GC Thread#9" [stack: 0x0000009031900000,0x0000009031a00000] [id=16892]
  0x00000195f0c47fb0 ConcurrentGCThread "G1 Main Marker" [stack: 0x000000902e200000,0x000000902e300000] [id=8572]
  0x00000195f0c493c0 ConcurrentGCThread "G1 Conc#0" [stack: 0x000000902e300000,0x000000902e400000] [id=4980]
  0x00000195fe935070 ConcurrentGCThread "G1 Refine#0" [stack: 0x000000902e400000,0x000000902e500000] [id=14436]
  0x00000195fe935cf0 ConcurrentGCThread "G1 Young RemSet Sampling" [stack: 0x000000902e500000,0x000000902e600000] [id=18288]

Threads with active compile tasks:
C2 CompilerThread0      504 1230       4       org.jsoup.parser.CharacterReader::consumeTagName (152 bytes)
C1 CompilerThread0      504 1249       3       java.lang.invoke.LambdaForm$Name::internArguments (59 bytes)
C2 CompilerThread1      504 1239       4       java.lang.StringBuilder::append (6 bytes)
C2 CompilerThread2      504 1225       4       org.jsoup.parser.CharacterReader::current (26 bytes)

VM state: not at safepoint (normal execution)

VM Mutex/Monitor currently owned by a thread:  ([mutex/lock_event])
[0x00000195f0bbadd0] SystemDictionary_lock - owner thread: 0x0000000000000000

Heap address: 0x0000000603400000, size: 8140 MB, Compressed Oops mode: Zero based, Oop shift amount: 3
CDS archive(s) mapped at: [0x0000000800000000-0x0000000800b50000-0x0000000800b50000), size 11862016, SharedBaseAddress: 0x0000000800000000, ArchiveRelocationMode: 0.
Compressed class space mapped at: 0x0000000800b50000-0x0000000840b50000, size: 1073741824
Narrow klass base: 0x0000000800000000, Narrow klass shift: 3, Narrow klass range: 0x100000000

GC Precious Log:
 CPUs: 12 total, 12 available
 Memory: 32548M
 Large Page Support: Disabled
 NUMA Support: Disabled
 Compressed Oops: Enabled (Zero based)
 Heap Region Size: 4M
 Heap Min Capacity: 8M
 Heap Initial Capacity: 512M
 Heap Max Capacity: 8140M
 Pre-touch: Disabled
 Parallel Workers: 10
 Concurrent Workers: 3
 Concurrent Refinement Workers: 10
 Periodic GC: Disabled

Heap:
 garbage-first heap   total 524288K, used 9052K [0x0000000603400000, 0x0000000800000000)
  region size 4096K, 3 young (12288K), 1 survivors (4096K)
 Metaspace       used 4999K, capacity 6764K, committed 6912K, reserved 1056768K
  class space    used 489K, capacity 698K, committed 768K, reserved 1048576K

Heap Regions: E=young(eden), S=young(survivor), O=old, HS=humongous(starts), HC=humongous(continues), CS=collection set, F=free, OA=open archive, CA=closed archive, TAMS=top-at-mark-start (previous, next)
|   0|0x0000000603400000, 0x00000006034d7000, 0x0000000603800000| 20%| O|  |TAMS 0x0000000603400000, 0x0000000603400000| Untracked 
|   1|0x0000000603800000, 0x0000000603800000, 0x0000000603c00000|  0%| F|  |TAMS 0x0000000603800000, 0x0000000603800000| Untracked 
|   2|0x0000000603c00000, 0x0000000603c00000, 0x0000000604000000|  0%| F|  |TAMS 0x0000000603c00000, 0x0000000603c00000| Untracked 
|   3|0x0000000604000000, 0x0000000604000000, 0x0000000604400000|  0%| F|  |TAMS 0x0000000604000000, 0x0000000604000000| Untracked 
|   4|0x0000000604400000, 0x0000000604400000, 0x0000000604800000|  0%| F|  |TAMS 0x0000000604400000, 0x0000000604400000| Untracked 
|   5|0x0000000604800000, 0x0000000604800000, 0x0000000604c00000|  0%| F|  |TAMS 0x0000000604800000, 0x0000000604800000| Untracked 
|   6|0x0000000604c00000, 0x0000000604c00000, 0x0000000605000000|  0%| F|  |TAMS 0x0000000604c00000, 0x0000000604c00000| Untracked 
|   7|0x0000000605000000, 0x0000000605000000, 0x0000000605400000|  0%| F|  |TAMS 0x0000000605000000, 0x0000000605000000| Untracked 
|   8|0x0000000605400000, 0x0000000605400000, 0x0000000605800000|  0%| F|  |TAMS 0x0000000605400000, 0x0000000605400000| Untracked 
|   9|0x0000000605800000, 0x0000000605800000, 0x0000000605c00000|  0%| F|  |TAMS 0x0000000605800000, 0x0000000605800000| Untracked 
|  10|0x0000000605c00000, 0x0000000605c00000, 0x0000000606000000|  0%| F|  |TAMS 0x0000000605c00000, 0x0000000605c00000| Untracked 
|  11|0x0000000606000000, 0x0000000606000000, 0x0000000606400000|  0%| F|  |TAMS 0x0000000606000000, 0x0000000606000000| Untracked 
|  12|0x0000000606400000, 0x0000000606400000, 0x0000000606800000|  0%| F|  |TAMS 0x0000000606400000, 0x0000000606400000| Untracked 
|  13|0x0000000606800000, 0x0000000606800000, 0x0000000606c00000|  0%| F|  |TAMS 0x0000000606800000, 0x0000000606800000| Untracked 
|  14|0x0000000606c00000, 0x0000000606c00000, 0x0000000607000000|  0%| F|  |TAMS 0x0000000606c00000, 0x0000000606c00000| Untracked 
|  15|0x0000000607000000, 0x0000000607000000, 0x0000000607400000|  0%| F|  |TAMS 0x0000000607000000, 0x0000000607000000| Untracked 
|  16|0x0000000607400000, 0x0000000607400000, 0x0000000607800000|  0%| F|  |TAMS 0x0000000607400000, 0x0000000607400000| Untracked 
|  17|0x0000000607800000, 0x0000000607800000, 0x0000000607c00000|  0%| F|  |TAMS 0x0000000607800000, 0x0000000607800000| Untracked 
|  18|0x0000000607c00000, 0x0000000607c00000, 0x0000000608000000|  0%| F|  |TAMS 0x0000000607c00000, 0x0000000607c00000| Untracked 
|  19|0x0000000608000000, 0x0000000608000000, 0x0000000608400000|  0%| F|  |TAMS 0x0000000608000000, 0x0000000608000000| Untracked 
|  20|0x0000000608400000, 0x0000000608400000, 0x0000000608800000|  0%| F|  |TAMS 0x0000000608400000, 0x0000000608400000| Untracked 
|  21|0x0000000608800000, 0x0000000608800000, 0x0000000608c00000|  0%| F|  |TAMS 0x0000000608800000, 0x0000000608800000| Untracked 
|  22|0x0000000608c00000, 0x0000000608c00000, 0x0000000609000000|  0%| F|  |TAMS 0x0000000608c00000, 0x0000000608c00000| Untracked 
|  23|0x0000000609000000, 0x0000000609000000, 0x0000000609400000|  0%| F|  |TAMS 0x0000000609000000, 0x0000000609000000| Untracked 
|  24|0x0000000609400000, 0x0000000609400000, 0x0000000609800000|  0%| F|  |TAMS 0x0000000609400000, 0x0000000609400000| Untracked 
|  25|0x0000000609800000, 0x0000000609800000, 0x0000000609c00000|  0%| F|  |TAMS 0x0000000609800000, 0x0000000609800000| Untracked 
|  26|0x0000000609c00000, 0x0000000609c00000, 0x000000060a000000|  0%| F|  |TAMS 0x0000000609c00000, 0x0000000609c00000| Untracked 
|  27|0x000000060a000000, 0x000000060a000000, 0x000000060a400000|  0%| F|  |TAMS 0x000000060a000000, 0x000000060a000000| Untracked 
|  28|0x000000060a400000, 0x000000060a400000, 0x000000060a800000|  0%| F|  |TAMS 0x000000060a400000, 0x000000060a400000| Untracked 
|  29|0x000000060a800000, 0x000000060a800000, 0x000000060ac00000|  0%| F|  |TAMS 0x000000060a800000, 0x000000060a800000| Untracked 
|  30|0x000000060ac00000, 0x000000060ac00000, 0x000000060b000000|  0%| F|  |TAMS 0x000000060ac00000, 0x000000060ac00000| Untracked 
|  31|0x000000060b000000, 0x000000060b000000, 0x000000060b400000|  0%| F|  |TAMS 0x000000060b000000, 0x000000060b000000| Untracked 
|  32|0x000000060b400000, 0x000000060b400000, 0x000000060b800000|  0%| F|  |TAMS 0x000000060b400000, 0x000000060b400000| Untracked 
|  33|0x000000060b800000, 0x000000060b800000, 0x000000060bc00000|  0%| F|  |TAMS 0x000000060b800000, 0x000000060b800000| Untracked 
|  34|0x000000060bc00000, 0x000000060bc00000, 0x000000060c000000|  0%| F|  |TAMS 0x000000060bc00000, 0x000000060bc00000| Untracked 
|  35|0x000000060c000000, 0x000000060c000000, 0x000000060c400000|  0%| F|  |TAMS 0x000000060c000000, 0x000000060c000000| Untracked 
|  36|0x000000060c400000, 0x000000060c400000, 0x000000060c800000|  0%| F|  |TAMS 0x000000060c400000, 0x000000060c400000| Untracked 
|  37|0x000000060c800000, 0x000000060c800000, 0x000000060cc00000|  0%| F|  |TAMS 0x000000060c800000, 0x000000060c800000| Untracked 
|  38|0x000000060cc00000, 0x000000060cc00000, 0x000000060d000000|  0%| F|  |TAMS 0x000000060cc00000, 0x000000060cc00000| Untracked 
|  39|0x000000060d000000, 0x000000060d000000, 0x000000060d400000|  0%| F|  |TAMS 0x000000060d000000, 0x000000060d000000| Untracked 
|  40|0x000000060d400000, 0x000000060d400000, 0x000000060d800000|  0%| F|  |TAMS 0x000000060d400000, 0x000000060d400000| Untracked 
|  41|0x000000060d800000, 0x000000060d800000, 0x000000060dc00000|  0%| F|  |TAMS 0x000000060d800000, 0x000000060d800000| Untracked 
|  42|0x000000060dc00000, 0x000000060dc00000, 0x000000060e000000|  0%| F|  |TAMS 0x000000060dc00000, 0x000000060dc00000| Untracked 
|  43|0x000000060e000000, 0x000000060e000000, 0x000000060e400000|  0%| F|  |TAMS 0x000000060e000000, 0x000000060e000000| Untracked 
|  44|0x000000060e400000, 0x000000060e400000, 0x000000060e800000|  0%| F|  |TAMS 0x000000060e400000, 0x000000060e400000| Untracked 
|  45|0x000000060e800000, 0x000000060e800000, 0x000000060ec00000|  0%| F|  |TAMS 0x000000060e800000, 0x000000060e800000| Untracked 
|  46|0x000000060ec00000, 0x000000060ec00000, 0x000000060f000000|  0%| F|  |TAMS 0x000000060ec00000, 0x000000060ec00000| Untracked 
|  47|0x000000060f000000, 0x000000060f000000, 0x000000060f400000|  0%| F|  |TAMS 0x000000060f000000, 0x000000060f000000| Untracked 
|  48|0x000000060f400000, 0x000000060f400000, 0x000000060f800000|  0%| F|  |TAMS 0x000000060f400000, 0x000000060f400000| Untracked 
|  49|0x000000060f800000, 0x000000060f800000, 0x000000060fc00000|  0%| F|  |TAMS 0x000000060f800000, 0x000000060f800000| Untracked 
|  50|0x000000060fc00000, 0x000000060fc00000, 0x0000000610000000|  0%| F|  |TAMS 0x000000060fc00000, 0x000000060fc00000| Untracked 
|  51|0x0000000610000000, 0x0000000610000000, 0x0000000610400000|  0%| F|  |TAMS 0x0000000610000000, 0x0000000610000000| Untracked 
|  52|0x0000000610400000, 0x0000000610400000, 0x0000000610800000|  0%| F|  |TAMS 0x0000000610400000, 0x0000000610400000| Untracked 
|  53|0x0000000610800000, 0x0000000610800000, 0x0000000610c00000|  0%| F|  |TAMS 0x0000000610800000, 0x0000000610800000| Untracked 
|  54|0x0000000610c00000, 0x0000000610c00000, 0x0000000611000000|  0%| F|  |TAMS 0x0000000610c00000, 0x0000000610c00000| Untracked 
|  55|0x0000000611000000, 0x0000000611000000, 0x0000000611400000|  0%| F|  |TAMS 0x0000000611000000, 0x0000000611000000| Untracked 
|  56|0x0000000611400000, 0x0000000611400000, 0x0000000611800000|  0%| F|  |TAMS 0x0000000611400000, 0x0000000611400000| Untracked 
|  57|0x0000000611800000, 0x0000000611800000, 0x0000000611c00000|  0%| F|  |TAMS 0x0000000611800000, 0x0000000611800000| Untracked 
|  58|0x0000000611c00000, 0x0000000611c00000, 0x0000000612000000|  0%| F|  |TAMS 0x0000000611c00000, 0x0000000611c00000| Untracked 
|  59|0x0000000612000000, 0x0000000612000000, 0x0000000612400000|  0%| F|  |TAMS 0x0000000612000000, 0x0000000612000000| Untracked 
|  60|0x0000000612400000, 0x0000000612400000, 0x0000000612800000|  0%| F|  |TAMS 0x0000000612400000, 0x0000000612400000| Untracked 
|  61|0x0000000612800000, 0x0000000612800000, 0x0000000612c00000|  0%| F|  |TAMS 0x0000000612800000, 0x0000000612800000| Untracked 
|  62|0x0000000612c00000, 0x0000000612c00000, 0x0000000613000000|  0%| F|  |TAMS 0x0000000612c00000, 0x0000000612c00000| Untracked 
|  63|0x0000000613000000, 0x0000000613000000, 0x0000000613400000|  0%| F|  |TAMS 0x0000000613000000, 0x0000000613000000| Untracked 
|  64|0x0000000613400000, 0x0000000613400000, 0x0000000613800000|  0%| F|  |TAMS 0x0000000613400000, 0x0000000613400000| Untracked 
|  65|0x0000000613800000, 0x0000000613800000, 0x0000000613c00000|  0%| F|  |TAMS 0x0000000613800000, 0x0000000613800000| Untracked 
|  66|0x0000000613c00000, 0x0000000613c00000, 0x0000000614000000|  0%| F|  |TAMS 0x0000000613c00000, 0x0000000613c00000| Untracked 
|  67|0x0000000614000000, 0x0000000614000000, 0x0000000614400000|  0%| F|  |TAMS 0x0000000614000000, 0x0000000614000000| Untracked 
|  68|0x0000000614400000, 0x0000000614400000, 0x0000000614800000|  0%| F|  |TAMS 0x0000000614400000, 0x0000000614400000| Untracked 
|  69|0x0000000614800000, 0x0000000614800000, 0x0000000614c00000|  0%| F|  |TAMS 0x0000000614800000, 0x0000000614800000| Untracked 
|  70|0x0000000614c00000, 0x0000000614c00000, 0x0000000615000000|  0%| F|  |TAMS 0x0000000614c00000, 0x0000000614c00000| Untracked 
|  71|0x0000000615000000, 0x0000000615000000, 0x0000000615400000|  0%| F|  |TAMS 0x0000000615000000, 0x0000000615000000| Untracked 
|  72|0x0000000615400000, 0x0000000615400000, 0x0000000615800000|  0%| F|  |TAMS 0x0000000615400000, 0x0000000615400000| Untracked 
|  73|0x0000000615800000, 0x0000000615800000, 0x0000000615c00000|  0%| F|  |TAMS 0x0000000615800000, 0x0000000615800000| Untracked 
|  74|0x0000000615c00000, 0x0000000615c00000, 0x0000000616000000|  0%| F|  |TAMS 0x0000000615c00000, 0x0000000615c00000| Untracked 
|  75|0x0000000616000000, 0x0000000616000000, 0x0000000616400000|  0%| F|  |TAMS 0x0000000616000000, 0x0000000616000000| Untracked 
|  76|0x0000000616400000, 0x0000000616400000, 0x0000000616800000|  0%| F|  |TAMS 0x0000000616400000, 0x0000000616400000| Untracked 
|  77|0x0000000616800000, 0x0000000616800000, 0x0000000616c00000|  0%| F|  |TAMS 0x0000000616800000, 0x0000000616800000| Untracked 
|  78|0x0000000616c00000, 0x0000000616c00000, 0x0000000617000000|  0%| F|  |TAMS 0x0000000616c00000, 0x0000000616c00000| Untracked 
|  79|0x0000000617000000, 0x0000000617000000, 0x0000000617400000|  0%| F|  |TAMS 0x0000000617000000, 0x0000000617000000| Untracked 
|  80|0x0000000617400000, 0x0000000617400000, 0x0000000617800000|  0%| F|  |TAMS 0x0000000617400000, 0x0000000617400000| Untracked 
|  81|0x0000000617800000, 0x0000000617800000, 0x0000000617c00000|  0%| F|  |TAMS 0x0000000617800000, 0x0000000617800000| Untracked 
|  82|0x0000000617c00000, 0x0000000617c00000, 0x0000000618000000|  0%| F|  |TAMS 0x0000000617c00000, 0x0000000617c00000| Untracked 
|  83|0x0000000618000000, 0x0000000618000000, 0x0000000618400000|  0%| F|  |TAMS 0x0000000618000000, 0x0000000618000000| Untracked 
|  84|0x0000000618400000, 0x0000000618400000, 0x0000000618800000|  0%| F|  |TAMS 0x0000000618400000, 0x0000000618400000| Untracked 
|  85|0x0000000618800000, 0x0000000618800000, 0x0000000618c00000|  0%| F|  |TAMS 0x0000000618800000, 0x0000000618800000| Untracked 
|  86|0x0000000618c00000, 0x0000000618c00000, 0x0000000619000000|  0%| F|  |TAMS 0x0000000618c00000, 0x0000000618c00000| Untracked 
|  87|0x0000000619000000, 0x0000000619000000, 0x0000000619400000|  0%| F|  |TAMS 0x0000000619000000, 0x0000000619000000| Untracked 
|  88|0x0000000619400000, 0x0000000619400000, 0x0000000619800000|  0%| F|  |TAMS 0x0000000619400000, 0x0000000619400000| Untracked 
|  89|0x0000000619800000, 0x0000000619800000, 0x0000000619c00000|  0%| F|  |TAMS 0x0000000619800000, 0x0000000619800000| Untracked 
|  90|0x0000000619c00000, 0x0000000619c00000, 0x000000061a000000|  0%| F|  |TAMS 0x0000000619c00000, 0x0000000619c00000| Untracked 
|  91|0x000000061a000000, 0x000000061a000000, 0x000000061a400000|  0%| F|  |TAMS 0x000000061a000000, 0x000000061a000000| Untracked 
|  92|0x000000061a400000, 0x000000061a400000, 0x000000061a800000|  0%| F|  |TAMS 0x000000061a400000, 0x000000061a400000| Untracked 
|  93|0x000000061a800000, 0x000000061a800000, 0x000000061ac00000|  0%| F|  |TAMS 0x000000061a800000, 0x000000061a800000| Untracked 
|  94|0x000000061ac00000, 0x000000061ac00000, 0x000000061b000000|  0%| F|  |TAMS 0x000000061ac00000, 0x000000061ac00000| Untracked 
|  95|0x000000061b000000, 0x000000061b000000, 0x000000061b400000|  0%| F|  |TAMS 0x000000061b000000, 0x000000061b000000| Untracked 
|  96|0x000000061b400000, 0x000000061b400000, 0x000000061b800000|  0%| F|  |TAMS 0x000000061b400000, 0x000000061b400000| Untracked 
|  97|0x000000061b800000, 0x000000061b800000, 0x000000061bc00000|  0%| F|  |TAMS 0x000000061b800000, 0x000000061b800000| Untracked 
|  98|0x000000061bc00000, 0x000000061bc00000, 0x000000061c000000|  0%| F|  |TAMS 0x000000061bc00000, 0x000000061bc00000| Untracked 
|  99|0x000000061c000000, 0x000000061c000000, 0x000000061c400000|  0%| F|  |TAMS 0x000000061c000000, 0x000000061c000000| Untracked 
| 100|0x000000061c400000, 0x000000061c400000, 0x000000061c800000|  0%| F|  |TAMS 0x000000061c400000, 0x000000061c400000| Untracked 
| 101|0x000000061c800000, 0x000000061c800000, 0x000000061cc00000|  0%| F|  |TAMS 0x000000061c800000, 0x000000061c800000| Untracked 
| 102|0x000000061cc00000, 0x000000061cc00000, 0x000000061d000000|  0%| F|  |TAMS 0x000000061cc00000, 0x000000061cc00000| Untracked 
| 103|0x000000061d000000, 0x000000061d000000, 0x000000061d400000|  0%| F|  |TAMS 0x000000061d000000, 0x000000061d000000| Untracked 
| 104|0x000000061d400000, 0x000000061d400000, 0x000000061d800000|  0%| F|  |TAMS 0x000000061d400000, 0x000000061d400000| Untracked 
| 105|0x000000061d800000, 0x000000061d800000, 0x000000061dc00000|  0%| F|  |TAMS 0x000000061d800000, 0x000000061d800000| Untracked 
| 106|0x000000061dc00000, 0x000000061dc00000, 0x000000061e000000|  0%| F|  |TAMS 0x000000061dc00000, 0x000000061dc00000| Untracked 
| 107|0x000000061e000000, 0x000000061e000000, 0x000000061e400000|  0%| F|  |TAMS 0x000000061e000000, 0x000000061e000000| Untracked 
| 108|0x000000061e400000, 0x000000061e400000, 0x000000061e800000|  0%| F|  |TAMS 0x000000061e400000, 0x000000061e400000| Untracked 
| 109|0x000000061e800000, 0x000000061e800000, 0x000000061ec00000|  0%| F|  |TAMS 0x000000061e800000, 0x000000061e800000| Untracked 
| 110|0x000000061ec00000, 0x000000061ec00000, 0x000000061f000000|  0%| F|  |TAMS 0x000000061ec00000, 0x000000061ec00000| Untracked 
| 111|0x000000061f000000, 0x000000061f000000, 0x000000061f400000|  0%| F|  |TAMS 0x000000061f000000, 0x000000061f000000| Untracked 
| 112|0x000000061f400000, 0x000000061f400000, 0x000000061f800000|  0%| F|  |TAMS 0x000000061f400000, 0x000000061f400000| Untracked 
| 113|0x000000061f800000, 0x000000061f800000, 0x000000061fc00000|  0%| F|  |TAMS 0x000000061f800000, 0x000000061f800000| Untracked 
| 114|0x000000061fc00000, 0x000000061fc00000, 0x0000000620000000|  0%| F|  |TAMS 0x000000061fc00000, 0x000000061fc00000| Untracked 
| 115|0x0000000620000000, 0x0000000620000000, 0x0000000620400000|  0%| F|  |TAMS 0x0000000620000000, 0x0000000620000000| Untracked 
| 116|0x0000000620400000, 0x0000000620400000, 0x0000000620800000|  0%| F|  |TAMS 0x0000000620400000, 0x0000000620400000| Untracked 
| 117|0x0000000620800000, 0x0000000620800000, 0x0000000620c00000|  0%| F|  |TAMS 0x0000000620800000, 0x0000000620800000| Untracked 
| 118|0x0000000620c00000, 0x0000000620c00000, 0x0000000621000000|  0%| F|  |TAMS 0x0000000620c00000, 0x0000000620c00000| Untracked 
| 119|0x0000000621000000, 0x0000000621000000, 0x0000000621400000|  0%| F|  |TAMS 0x0000000621000000, 0x0000000621000000| Untracked 
| 120|0x0000000621400000, 0x0000000621400000, 0x0000000621800000|  0%| F|  |TAMS 0x0000000621400000, 0x0000000621400000| Untracked 
| 121|0x0000000621800000, 0x0000000621c00000, 0x0000000621c00000|100%| S|CS|TAMS 0x0000000621800000, 0x0000000621800000| Complete 
| 122|0x0000000621c00000, 0x0000000621c00000, 0x0000000622000000|  0%| F|  |TAMS 0x0000000621c00000, 0x0000000621c00000| Untracked 
| 123|0x0000000622000000, 0x0000000622000000, 0x0000000622400000|  0%| F|  |TAMS 0x0000000622000000, 0x0000000622000000| Untracked 
| 124|0x0000000622400000, 0x0000000622400000, 0x0000000622800000|  0%| F|  |TAMS 0x0000000622400000, 0x0000000622400000| Untracked 
| 125|0x0000000622800000, 0x0000000622800000, 0x0000000622c00000|  0%| F|  |TAMS 0x0000000622800000, 0x0000000622800000| Untracked 
| 126|0x0000000622c00000, 0x0000000622e84508, 0x0000000623000000| 62%| E|  |TAMS 0x0000000622c00000, 0x0000000622c00000| Complete 
| 127|0x0000000623000000, 0x0000000623400000, 0x0000000623400000|100%| E|CS|TAMS 0x0000000623000000, 0x0000000623000000| Complete 

Card table byte_map: [0x00000195fa340000,0x00000195fb330000] _byte_map_base: 0x00000195f7326000

Marking Bits (Prev, Next): (CMBitMap*) 0x00000195f0c37700, (CMBitMap*) 0x00000195f0c37740
 Prev Bits: [0x0000019597160000, 0x000001959f090000)
 Next Bits: [0x000001959f090000, 0x00000195a6fc0000)

Polling page: 0x00000195eea00000

Metaspace:

Usage:
  Non-class:      5.94 MB capacity,     4.42 MB ( 74%) used,     1.51 MB ( 25%) free+waste,     8.81 KB ( <1%) overhead. 
      Class:    702.00 KB capacity,   491.09 KB ( 70%) used,   206.98 KB ( 29%) free+waste,     3.94 KB ( <1%) overhead. 
       Both:      6.62 MB capacity,     4.90 MB ( 74%) used,     1.71 MB ( 26%) free+waste,    12.75 KB ( <1%) overhead. 

Virtual space:
  Non-class space:        8.00 MB reserved,       6.00 MB ( 75%) committed 
      Class space:        1.00 GB reserved,     768.00 KB ( <1%) committed 
             Both:        1.01 GB reserved,       6.75 MB ( <1%) committed 

Chunk freelists:
   Non-Class:  2.00 KB
       Class:  2.00 KB
        Both:  4.00 KB

MaxMetaspaceSize: 17179869184.00 GB
CompressedClassSpaceSize: 1.00 GB

CodeHeap 'non-profiled nmethods': size=120000Kb used=495Kb max_used=495Kb free=119504Kb
 bounds [0x000001958fc30000, 0x000001958fea0000, 0x0000019597160000]
CodeHeap 'profiled nmethods': size=120000Kb used=2339Kb max_used=2339Kb free=117660Kb
 bounds [0x0000019588700000, 0x0000019588970000, 0x000001958fc30000]
CodeHeap 'non-nmethods': size=5760Kb used=1162Kb max_used=1205Kb free=4597Kb
 bounds [0x0000019588160000, 0x00000195883d0000, 0x0000019588700000]
 total_blobs=1676 nmethods=1260 adapters=329
 compilation: enabled
              stopped_count=0, restarted_count=0
 full_count=0

Compilation events (20 events):
Event: 0.466 Thread 0x00000195fea64dc0 1162       3       java.lang.String::split (327 bytes)
Event: 0.467 Thread 0x00000195a7041220 1169       4       java.nio.charset.CharsetDecoder::implReset (1 bytes)
Event: 0.467 Thread 0x00000195a7041220 nmethod 1169 0x000001958fc9dc10 code [0x000001958fc9dd80, 0x000001958fc9ddd8]
Event: 0.468 Thread 0x00000195a7041220 1170       4       java.nio.Buffer::position (52 bytes)
Event: 0.468 Thread 0x00000195a7041220 nmethod 1170 0x000001958fc9df10 code [0x000001958fc9e080, 0x000001958fc9e138]
Event: 0.468 Thread 0x00000195a7041220 1171       4       org.jsoup.nodes.Element::childNodeSize (10 bytes)
Event: 0.469 Thread 0x00000195a7041220 nmethod 1171 0x000001958fc9e210 code [0x000001958fc9e3a0, 0x000001958fc9e458]
Event: 0.469 Thread 0x00000195a7041220 1172       4       java.lang.StringBuilder::append (8 bytes)
Event: 0.469 Thread 0x00000195fea64dc0 nmethod 1162 0x000001958891b790 code [0x000001958891bd20, 0x000001958891f6f8]
Event: 0.469 Thread 0x00000195fea64dc0 1168       3       java.lang.CharacterDataLatin1::digit (32 bytes)
Event: 0.469 Thread 0x00000195fea64dc0 nmethod 1168 0x0000019588920990 code [0x0000019588920b40, 0x0000019588920d78]
Event: 0.469 Thread 0x00000195fea64dc0 1164   !   3       java.lang.StringCoding::lookupCharset (24 bytes)
Event: 0.470 Thread 0x00000195fea64dc0 nmethod 1164 0x0000019588920e90 code [0x0000019588921080, 0x0000019588921538]
Event: 0.470 Thread 0x00000195fea64dc0 1165       3       java.lang.StringBuilder::append (8 bytes)
Event: 0.470 Thread 0x00000195fea64dc0 nmethod 1165 0x0000019588921790 code [0x0000019588921940, 0x0000019588921a88]
Event: 0.470 Thread 0x00000195fea64dc0 1166       3       java.lang.AbstractStringBuilder::append (54 bytes)
Event: 0.470 Thread 0x00000195fea64dc0 nmethod 1166 0x0000019588921b10 code [0x0000019588921d20, 0x0000019588922668]
Event: 0.470 Thread 0x00000195fea64dc0 1167       3       java.lang.String::valueOf (15 bytes)
Event: 0.470 Thread 0x00000195fea64dc0 nmethod 1167 0x0000019588922810 code [0x00000195889229c0, 0x0000019588922bc8]
Event: 0.470 Thread 0x00000195fea64dc0 1173       3       sun.nio.cs.StreamEncoder::implWrite (137 bytes)

GC Heap History (2 events):
Event: 0.446 GC heap before
{Heap before GC invocations=0 (full 0):
 garbage-first heap   total 524288K, used 24576K [0x0000000603400000, 0x0000000800000000)
  region size 4096K, 6 young (24576K), 0 survivors (0K)
 Metaspace       used 4875K, capacity 6748K, committed 6912K, reserved 1056768K
  class space    used 486K, capacity 693K, committed 768K, reserved 1048576K
}
Event: 0.450 GC heap after
{Heap after GC invocations=1 (full 0):
 garbage-first heap   total 524288K, used 4956K [0x0000000603400000, 0x0000000800000000)
  region size 4096K, 1 young (4096K), 1 survivors (4096K)
 Metaspace       used 4875K, capacity 6748K, committed 6912K, reserved 1056768K
  class space    used 486K, capacity 693K, committed 768K, reserved 1048576K
}

Deoptimization events (20 events):
Event: 0.411 Thread 0x00000195f0bbfce0 Uncommon trap: trap_request=0xffffff45 fr.pc=0x000001958fc77b40 relative=0x0000000000000220
Event: 0.411 Thread 0x00000195f0bbfce0 Uncommon trap: reason=unstable_if action=reinterpret pc=0x000001958fc77b40 method=org.jsoup.parser.Tokeniser.read()Lorg/jsoup/parser/Token; @ 31 c2
Event: 0.411 Thread 0x00000195f0bbfce0 DEOPT PACKING pc=0x000001958fc77b40 sp=0x000000902e0fee30
Event: 0.411 Thread 0x00000195f0bbfce0 DEOPT UNPACKING pc=0x00000195881ae42f sp=0x000000902e0fede0 mode 2
Event: 0.411 Thread 0x00000195f0bbfce0 Uncommon trap: trap_request=0xffffff45 fr.pc=0x000001958fc7b804 relative=0x00000000000000e4
Event: 0.411 Thread 0x00000195f0bbfce0 Uncommon trap: reason=unstable_if action=reinterpret pc=0x000001958fc7b804 method=java.lang.AbstractStringBuilder.delete(II)Ljava/lang/AbstractStringBuilder; @ 25 c2
Event: 0.411 Thread 0x00000195f0bbfce0 DEOPT PACKING pc=0x000001958fc7b804 sp=0x000000902e0fed70
Event: 0.411 Thread 0x00000195f0bbfce0 DEOPT UNPACKING pc=0x00000195881ae42f sp=0x000000902e0fecf8 mode 2
Event: 0.415 Thread 0x00000195f0bbfce0 DEOPT PACKING pc=0x0000019588707113 sp=0x000000902e0fdc70
Event: 0.415 Thread 0x00000195f0bbfce0 DEOPT UNPACKING pc=0x00000195881ae23f sp=0x000000902e0fd148 mode 0
Event: 0.433 Thread 0x00000195a75006a0 Uncommon trap: trap_request=0xffffff45 fr.pc=0x000001958fc68944 relative=0x00000000000000a4
Event: 0.433 Thread 0x00000195a75006a0 Uncommon trap: reason=unstable_if action=reinterpret pc=0x000001958fc68944 method=java.lang.CharacterDataLatin1.digit(II)I @ 12 c2
Event: 0.433 Thread 0x00000195a75006a0 DEOPT PACKING pc=0x000001958fc68944 sp=0x000000902f7fe660
Event: 0.433 Thread 0x00000195a75006a0 DEOPT UNPACKING pc=0x00000195881ae42f sp=0x000000902f7fe5d8 mode 2
Event: 0.445 Thread 0x00000195a7b7c6c0 DEOPT PACKING pc=0x000001958878513b sp=0x00000090306fe630
Event: 0.445 Thread 0x00000195a7b7c1f0 DEOPT PACKING pc=0x000001958878513b sp=0x00000090305fe950
Event: 0.445 Thread 0x00000195a7b7c6c0 DEOPT UNPACKING pc=0x00000195881ae23f sp=0x00000090306fdad0 mode 0
Event: 0.445 Thread 0x00000195a7b7c1f0 DEOPT UNPACKING pc=0x00000195881ae23f sp=0x00000090305fddf0 mode 0
Event: 0.459 Thread 0x00000195f0bbfce0 DEOPT PACKING pc=0x0000019588707113 sp=0x000000902e0feeb0
Event: 0.459 Thread 0x00000195f0bbfce0 DEOPT UNPACKING pc=0x00000195881ae23f sp=0x000000902e0fe388 mode 0

Classes unloaded (0 events):
No events

Classes redefined (0 events):
No events

Internal exceptions (7 events):
Event: 0.070 Thread 0x00000195f0bbfce0 Exception <a 'java/lang/NoSuchMethodError'{0x0000000623202258}: 'void java.lang.invoke.DirectMethodHandle$Holder.invokeSpecial(java.lang.Object, java.lang.Object, java.lang.Object)'> (0x0000000623202258) 
thrown [./open/src/hotspot/share/interpreter/linkResolver.cpp, line 782]
Event: 0.138 Thread 0x00000195f0bbfce0 Exception <a 'java/lang/NoSuchMethodError'{0x0000000622cd55d0}: 'void java.lang.invoke.DirectMethodHandle$Holder.invokeStatic(java.lang.Object, java.lang.Object)'> (0x0000000622cd55d0) 
thrown [./open/src/hotspot/share/interpreter/linkResolver.cpp, line 782]
Event: 0.138 Thread 0x00000195f0bbfce0 Exception <a 'java/lang/NoSuchMethodError'{0x0000000622cd91d0}: 'void java.lang.invoke.DirectMethodHandle$Holder.invokeStaticInit(java.lang.Object, java.lang.Object)'> (0x0000000622cd91d0) 
thrown [./open/src/hotspot/share/interpreter/linkResolver.cpp, line 782]
Event: 0.141 Thread 0x00000195f0bbfce0 Exception <a 'java/lang/NoSuchMethodError'{0x0000000622cffc10}: 'java.lang.Object java.lang.invoke.DirectMethodHandle$Holder.invokeStatic(java.lang.Object)'> (0x0000000622cffc10) 
thrown [./open/src/hotspot/share/interpreter/linkResolver.cpp, line 782]
Event: 0.143 Thread 0x00000195f0bbfce0 Exception <a 'java/lang/NoSuchMethodError'{0x0000000622d09e58}: 'java.lang.Object java.lang.invoke.DirectMethodHandle$Holder.invokeStaticInit(java.lang.Object, int, int, int, int)'> (0x0000000622d09e58) 
thrown [./open/src/hotspot/share/interpreter/linkResolver.cpp, line 782]
Event: 0.175 Thread 0x00000195f0bbfce0 Exception <a 'java/lang/NoSuchMethodError'{0x0000000622d780f0}: 'java.lang.Object java.lang.invoke.DirectMethodHandle$Holder.invokeStaticInit(java.lang.Object, java.lang.Object, int, int, int, int)'> (0x0000000622d780f0) 
thrown [./open/src/hotspot/share/interpreter/linkResolver.cpp, line 782]
Event: 0.265 Thread 0x00000195f0bbfce0 Exception <a 'java/lang/NoSuchMethodError'{0x0000000622f33b98}: 'java.lang.Object java.lang.invoke.DirectMethodHandle$Holder.invokeStaticInit(java.lang.Object)'> (0x0000000622f33b98) 
thrown [./open/src/hotspot/share/interpreter/linkResolver.cpp, line 782]

Events (20 events):
Event: 0.460 Thread 0x00000195a716e530 Thread added: 0x00000195a716e530
Event: 0.460 Thread 0x00000195a7172d60 Thread added: 0x00000195a7172d60
Event: 0.461 Thread 0x00000195a716b510 Thread added: 0x00000195a716b510
Event: 0.462 Thread 0x00000195a716c850 Thread added: 0x00000195a716c850
Event: 0.462 Thread 0x00000195a7b6a230 Thread added: 0x00000195a7b6a230
Event: 0.462 Thread 0x00000195a7b65530 Thread added: 0x00000195a7b65530
Event: 0.463 Thread 0x00000195a7b629e0 Thread added: 0x00000195a7b629e0
Event: 0.463 Thread 0x00000195a7b67bb0 Thread added: 0x00000195a7b67bb0
Event: 0.464 Thread 0x00000195a7b63d20 Thread added: 0x00000195a7b63d20
Event: 0.464 Thread 0x00000195a7b62eb0 Thread added: 0x00000195a7b62eb0
Event: 0.465 Thread 0x00000195a7b63380 Thread added: 0x00000195a7b63380
Event: 0.466 Thread 0x00000195a7b68550 Thread added: 0x00000195a7b68550
Event: 0.466 Thread 0x00000195a7b65060 Thread added: 0x00000195a7b65060
Event: 0.467 Thread 0x00000195a7b63850 Thread added: 0x00000195a7b63850
Event: 0.467 Thread 0x00000195a7b65a00 Thread added: 0x00000195a7b65a00
Event: 0.468 Thread 0x00000195a7b641f0 Thread added: 0x00000195a7b641f0
Event: 0.468 Thread 0x00000195a7b68a20 Thread added: 0x00000195a7b68a20
Event: 0.469 Thread 0x00000195a7b646c0 Thread added: 0x00000195a7b646c0
Event: 0.469 Thread 0x00000195a7b65ed0 Thread added: 0x00000195a7b65ed0
Event: 0.470 Thread 0x00000195a7b64b90 Thread added: 0x00000195a7b64b90


Dynamic libraries:
0x00007ff697640000 - 0x00007ff69764f000 	F:\Java\jdk\bin\java.exe
0x00007ff8ddab0000 - 0x00007ff8ddca5000 	C:\Windows\SYSTEM32\ntdll.dll
0x00007ff8dce10000 - 0x00007ff8dcecd000 	C:\Windows\System32\KERNEL32.DLL
0x00007ff8db250000 - 0x00007ff8db518000 	C:\Windows\System32\KERNELBASE.dll
0x00007ff8db520000 - 0x00007ff8db620000 	C:\Windows\System32\ucrtbase.dll
0x00007ff8c1390000 - 0x00007ff8c13a8000 	F:\Java\jdk\bin\jli.dll
0x00007ff8a7430000 - 0x00007ff8a7449000 	F:\Java\jdk\bin\VCRUNTIME140.dll
0x00007ff8dca90000 - 0x00007ff8dcb3c000 	C:\Windows\System32\ADVAPI32.dll
0x00007ff8dcb60000 - 0x00007ff8dcbfe000 	C:\Windows\System32\msvcrt.dll
0x00007ff8dbb70000 - 0x00007ff8dbc0b000 	C:\Windows\System32\sechost.dll
0x00007ff8dd060000 - 0x00007ff8dd18b000 	C:\Windows\System32\RPCRT4.dll
0x00007ff8dcc70000 - 0x00007ff8dce10000 	C:\Windows\System32\USER32.dll
0x00007ff8dba10000 - 0x00007ff8dba32000 	C:\Windows\System32\win32u.dll
0x00007ff8bed20000 - 0x00007ff8befba000 	C:\Windows\WinSxS\amd64_microsoft.windows.common-controls_6595b64144ccf1df_6.0.19041.844_none_ca00b6081b84eb1d\COMCTL32.dll
0x00007ff8dd5a0000 - 0x00007ff8dd5ca000 	C:\Windows\System32\GDI32.dll
0x00007ff8db620000 - 0x00007ff8db72b000 	C:\Windows\System32\gdi32full.dll
0x00007ff8db760000 - 0x00007ff8db7fd000 	C:\Windows\System32\msvcp_win.dll
0x00007ff8cb550000 - 0x00007ff8cb55a000 	C:\Windows\SYSTEM32\VERSION.dll
0x00007ff8dd5d0000 - 0x00007ff8dd600000 	C:\Windows\System32\IMM32.DLL
0x00007ff8b0d00000 - 0x00007ff8b0d0c000 	F:\Java\jdk\bin\vcruntime140_1.dll
0x00007ff86f9c0000 - 0x00007ff86fa51000 	F:\Java\jdk\bin\msvcp140.dll
0x00007ff85cb40000 - 0x00007ff85d69e000 	F:\Java\jdk\bin\server\jvm.dll
0x00007ff8dc9b0000 - 0x00007ff8dc9b8000 	C:\Windows\System32\PSAPI.DLL
0x00007ff8bf170000 - 0x00007ff8bf197000 	C:\Windows\SYSTEM32\WINMM.dll
0x00007ff8d83e0000 - 0x00007ff8d83e9000 	C:\Windows\SYSTEM32\WSOCK32.dll
0x00007ff8dd320000 - 0x00007ff8dd38b000 	C:\Windows\System32\WS2_32.dll
0x00007ff8d9ac0000 - 0x00007ff8d9ad2000 	C:\Windows\SYSTEM32\kernel.appcore.dll
0x00007ff8ae440000 - 0x00007ff8ae44a000 	F:\Java\jdk\bin\jimage.dll
0x00007ff8d89f0000 - 0x00007ff8d8bd4000 	C:\Windows\SYSTEM32\DBGHELP.DLL
0x00007ff8cb520000 - 0x00007ff8cb54c000 	C:\Windows\SYSTEM32\dbgcore.DLL
0x00007ff8dba40000 - 0x00007ff8dbac0000 	C:\Windows\System32\bcryptPrimitives.dll
0x00007ff8a6880000 - 0x00007ff8a68a5000 	F:\Java\jdk\bin\java.dll
0x00007ff8dc260000 - 0x00007ff8dc9a2000 	C:\Windows\System32\SHELL32.dll
0x00007ff8d9320000 - 0x00007ff8d9ab0000 	C:\Windows\SYSTEM32\windows.storage.dll
0x00007ff8dd710000 - 0x00007ff8dda65000 	C:\Windows\System32\combase.dll
0x00007ff8dac60000 - 0x00007ff8dac8c000 	C:\Windows\SYSTEM32\Wldp.dll
0x00007ff8dd190000 - 0x00007ff8dd23e000 	C:\Windows\System32\SHCORE.dll
0x00007ff8dd000000 - 0x00007ff8dd055000 	C:\Windows\System32\shlwapi.dll
0x00007ff8db130000 - 0x00007ff8db14f000 	C:\Windows\SYSTEM32\profapi.dll
0x00007ff8a6de0000 - 0x00007ff8a6df9000 	F:\java\jdk\bin\net.dll
0x00007ff8d5bf0000 - 0x00007ff8d5cfb000 	C:\Windows\SYSTEM32\WINHTTP.dll
0x00007ff8da960000 - 0x00007ff8da9ca000 	C:\Windows\system32\mswsock.dll
0x00007ff8a5820000 - 0x00007ff8a5832000 	F:\java\jdk\bin\nio.dll
0x00007ff8a4c80000 - 0x00007ff8a4c98000 	F:\java\jdk\bin\zip.dll
0x00007ff8dab30000 - 0x00007ff8dab48000 	C:\Windows\SYSTEM32\CRYPTSP.dll
0x00007ff8da2a0000 - 0x00007ff8da2d4000 	C:\Windows\system32\rsaenh.dll
0x00007ff8db730000 - 0x00007ff8db757000 	C:\Windows\System32\bcrypt.dll
0x00007ff8db0b0000 - 0x00007ff8db0de000 	C:\Windows\SYSTEM32\USERENV.dll
0x00007ff8dab50000 - 0x00007ff8dab5c000 	C:\Windows\SYSTEM32\CRYPTBASE.dll
0x00007ff8da650000 - 0x00007ff8da68b000 	C:\Windows\SYSTEM32\IPHLPAPI.DLL
0x00007ff8dced0000 - 0x00007ff8dced8000 	C:\Windows\System32\NSI.dll
0x00007ff8d24b0000 - 0x00007ff8d24c7000 	C:\Windows\SYSTEM32\dhcpcsvc6.DLL
0x00007ff8d3930000 - 0x00007ff8d394d000 	C:\Windows\SYSTEM32\dhcpcsvc.DLL
0x00007ff8da690000 - 0x00007ff8da75c000 	C:\Windows\SYSTEM32\DNSAPI.dll
0x0000000067740000 - 0x0000000067839000 	C:\Users\Zhipeng Chen\AppData\Local\Temp\sqlite-3.34.0-58d14257-c1ea-4c78-94ca-7d90af122204-sqlitejdbc.dll
0x00007ff8d3aa0000 - 0x00007ff8d3aaa000 	C:\Windows\System32\rasadhlp.dll
0x00007ff8cfa60000 - 0x00007ff8cfadf000 	C:\Windows\System32\fwpuclnt.dll

dbghelp: loaded successfully - version: 4.0.5 - missing functions: none
symbol engine: initialized successfully - sym options: 0x614 - pdb path: .;F:\Java\jdk\bin;C:\Windows\SYSTEM32;C:\Windows\WinSxS\amd64_microsoft.windows.common-controls_6595b64144ccf1df_6.0.19041.844_none_ca00b6081b84eb1d;F:\Java\jdk\bin\server;C:\Users\Zhipeng Chen\AppData\Local\Temp

VM Arguments:
jvm_args: -Dfile.encoding=UTF-8 -Duser.country=CN -Duser.language=zh -Duser.variant 
java_command: main.java.server.Crawler
java_class_path (initial): E:\OneDrive - ruc.edu.cn\朋\RUC\2020-2021春季学期\JAVA程序设计\大作业\obfpd\build\classes\java\main;E:\OneDrive - ruc.edu.cn\朋\RUC\2020-2021春季学期\JAVA程序设计\大作业\obfpd\build\resources\main;C:\Users\Zhipeng Chen\.gradle\caches\modules-2\files-2.1\org.jsoup\jsoup\1.13.1\f9577f3732bb7caa4fee8aba5053158f4010c118\jsoup-1.13.1.jar;C:\Users\Zhipeng Chen\.gradle\caches\modules-2\files-2.1\com.alibaba\fastjson\1.2.76\2cd27ef01134f34353b7873489b23c3804197b89\fastjson-1.2.76.jar;C:\Users\Zhipeng Chen\.gradle\caches\modules-2\files-2.1\com.formdev\flatlaf\1.2\8462397d6fa0b3fdda952cfe88fbd72493c787f9\flatlaf-1.2.jar;C:\Users\Zhipeng Chen\.gradle\caches\modules-2\files-2.1\io.github.willena\sqlite-jdbc\3.34.0\9d135877c233308abd4b4f0e1e685e94ad1c0dc5\sqlite-jdbc-3.34.0.jar;C:\Users\Zhipeng Chen\.gradle\caches\modules-2\files-2.1\javax.websocket\javax.websocket-api\1.1\eeeb68631711256418dfbb47b11c731b6c8f6235\javax.websocket-api-1.1.jar;C:\Users\Zhipeng Chen\.gradle\caches\modules-2\files-2.1\com.anaptecs.jeaf.owalibs\org.apache.log4j\4.3.1\1d55e7a1944b71fbbb642187085d2548084bb9ca\org.apache.log4j-4.3.1.jar;C:\Users\Zhipeng Chen\.gradle\caches\modules-2\files-2.1\org.java-websocket\Java-WebSocket\1.3.8\5ed9421c83110a74f6c805cdef3060faa44f5b68\Java-WebSocket-1.3.8.jar
Launcher Type: SUN_STANDARD

[Global flags]
     intx CICompilerCount                          = 4                                         {product} {ergonomic}
     uint ConcGCThreads                            = 3                                         {product} {ergonomic}
     uint G1ConcRefinementThreads                  = 10                                        {product} {ergonomic}
   size_t G1HeapRegionSize                         = 4194304                                   {product} {ergonomic}
    uintx GCDrainStackTargetSize                   = 64                                        {product} {ergonomic}
   size_t InitialHeapSize                          = 536870912                                 {product} {ergonomic}
   size_t MarkStackSize                            = 4194304                                   {product} {ergonomic}
   size_t MaxHeapSize                              = 8535408640                                {product} {ergonomic}
   size_t MaxNewSize                               = 5121245184                                {product} {ergonomic}
   size_t MinHeapDeltaBytes                        = 4194304                                   {product} {ergonomic}
   size_t MinHeapSize                              = 8388608                                   {product} {ergonomic}
    uintx NonNMethodCodeHeapSize                   = 5839372                                {pd product} {ergonomic}
    uintx NonProfiledCodeHeapSize                  = 122909434                              {pd product} {ergonomic}
    uintx ProfiledCodeHeapSize                     = 122909434                              {pd product} {ergonomic}
    uintx ReservedCodeCacheSize                    = 251658240                              {pd product} {ergonomic}
     bool SegmentedCodeCache                       = true                                      {product} {ergonomic}
   size_t SoftMaxHeapSize                          = 8535408640                             {manageable} {ergonomic}
     bool UseCompressedClassPointers               = true                                 {lp64_product} {ergonomic}
     bool UseCompressedOops                        = true                                 {lp64_product} {ergonomic}
     bool UseG1GC                                  = true                                      {product} {ergonomic}
     bool UseLargePagesIndividualAllocation        = false                                  {pd product} {ergonomic}

Logging:
Log output configuration:
 #0: stdout all=warning uptime,level,tags
 #1: stderr all=off uptime,level,tags

Environment Variables:
PATH=F:\java\jdk\bin;C:\Windows\System32\Wbem;C:\Windows\System32\WindowsPowerShell\v1.0\;C:\Windows\System32\OpenSSH\;F:\mingw\bin;F:\python\python;C:\texlive\2020\bin\win32;C:\Windows\System32;F:\ffmpeg\ffmpeg-n4.4-18-gc813f5e343-win64-gpl-4.4\bin;C:\Program Files\Git\cmd;C:\texlive\2020\bin\win32;F:\python\Scripts\;F:\python\;C:\Users\Zhipeng Chen\AppData\Local\Microsoft\WindowsApps;;C:\Users\Zhipeng Chen\AppData\Local\Programs\Microsoft VS Code\bin;C:\Program Files\JetBrains\IntelliJ IDEA 2021.1.1\bin;
USERNAME=Zhipeng Chen
OS=Windows_NT
PROCESSOR_IDENTIFIER=Intel64 Family 6 Model 158 Stepping 10, GenuineIntel



---------------  S Y S T E M  ---------------

OS:
 Windows 10 , 64 bit Build 19041 (10.0.19041.928)
OS uptime: 0 days 19:44 hours

CPU: total 12 (initial active 12) (6 cores per cpu, 2 threads per core) family 6 model 158 stepping 10 microcode 0xde, cmov, cx8, fxsr, mmx, sse, sse2, sse3, ssse3, sse4.1, sse4.2, popcnt, vzeroupper, avx, avx2, aes, clmul, erms, 3dnowpref, lzcnt, ht, tsc, tscinvbit, bmi1, bmi2, adx, fma, clflush, clflushopt

Memory: 4k page, system-wide physical 32548M (21796M free)
TotalPageFile size 34596M (AvailPageFile size 20147M)
current process WorkingSet (physical memory assigned to process): 83M, peak: 83M
current process commit charge ("private bytes"): 643M, peak: 643M

vm_info: Java HotSpot(TM) 64-Bit Server VM (15.0.2+7-27) for windows-amd64 JRE (15.0.2+7-27), built on Dec  7 2020 20:07:01 by "mach5one" with unknown MS VC++:1925

END.
